<?xml version="1.0" encoding="UTF-8"?>
<testsuite xmlns:xsi="http://www.w3.org/2001/XMLSchema-instance" xsi:noNamespaceSchemaLocation="https://maven.apache.org/surefire/maven-surefire-plugin/xsd/surefire-test-report.xsd" name="com.tcg.service.impl.UserInfoServiceImplTest" time="1.158" tests="5" errors="0" skipped="0" failures="0">
  <properties>
[...]
</properties>
  <testcase name="should_find_all_users_by_mapper" classname="com.tcg.service.impl.UserInfoServiceImplTest" time="0.004"/>
  <testcase name="should_find_user_by_mapper" classname="com.tcg.service.impl.UserInfoServiceImplTest" time="0.004"/>
  <testcase name="should_insert_a_user_by_mapper" classname="com.tcg.service.impl.UserInfoServiceImplTest" time="0.003"/>
  <testcase name="should_delete_user_by_mapper" classname="com.tcg.service.impl.UserInfoServiceImplTest" time="0.003"/>
  <testcase name="should_update_userInfo_by_mapper" classname="com.tcg.service.impl.UserInfoServiceImplTest" time="0.002"/>
</testsuite>